<?xml version="1.0" encoding="UTF-8"?>
<!-- Generated by org.testng.reporters.JUnitReportReporter -->
<testsuite skipped="0" hostname="DESKTOP-LMKUR01" name="com.orangehrm.demo.testcases.registeruser.CompleteRegister" tests="1" failures="0" timestamp="08 Jan 2021 11:36:44 GMT" time="0.016" errors="0">
  <testcase name="f" time="0.016" classname="com.orangehrm.demo.testcases.registeruser.CompleteRegister"/>
</testsuite> <!-- com.orangehrm.demo.testcases.registeruser.CompleteRegister -->
