<?xml version="1.0" encoding="UTF-8"?>
<!-- Generated by org.testng.reporters.JUnitReportReporter -->
<testsuite skipped="2" hostname="DESKTOP-LMKUR01" name="com.orangehrm.demo.testcases.login.AutoITTest" tests="3" failures="0" timestamp="08 Jan 2021 11:36:44 GMT" time="47.407" errors="0">
  <testcase name="testLoginAdmin" time="47.392" classname="com.orangehrm.demo.testcases.login.AutoITTest"/>
  <testcase name="testLoginAdmin" time="0.008" classname="com.orangehrm.demo.testcases.login.AutoITTest">
    <skipped/>
  </testcase> <!-- testLoginAdmin -->
  <testcase name="testLoginAdmin" time="0.007" classname="com.orangehrm.demo.testcases.login.AutoITTest">
    <skipped/>
  </testcase> <!-- testLoginAdmin -->
</testsuite> <!-- com.orangehrm.demo.testcases.login.AutoITTest -->
