<?xml version="1.0" encoding="UTF-8"?>
<!-- Generated by org.testng.reporters.JUnitReportReporter -->
<testsuite skipped="1" hostname="DESKTOP-LMKUR01" name="com.orangehrm.demo.testcases.login.LoginAdminTest" tests="3" failures="0" timestamp="08 Jan 2021 11:36:44 GMT" time="54.067" errors="0">
  <testcase name="testLoginAdmin" time="25.474" classname="com.orangehrm.demo.testcases.login.LoginAdminTest"/>
  <testcase name="testLoginAdmin" time="0.005" classname="com.orangehrm.demo.testcases.login.LoginAdminTest">
    <skipped/>
  </testcase> <!-- testLoginAdmin -->
  <testcase name="testLoginAdmin" time="28.588" classname="com.orangehrm.demo.testcases.login.LoginAdminTest"/>
</testsuite> <!-- com.orangehrm.demo.testcases.login.LoginAdminTest -->
